\BOOKMARK [1][-]{section.1}{Overview}{}% 1
\BOOKMARK [1][-]{section.2}{Architecture}{}% 2
\BOOKMARK [1][-]{section.3}{Algorithm}{}% 3
\BOOKMARK [2][-]{subsection.3.1}{Symbols}{section.3}% 4
\BOOKMARK [2][-]{subsection.3.2}{Some\040constraints}{section.3}% 5
\BOOKMARK [3][-]{subsubsection.3.2.1}{Blockages}{subsection.3.2}% 6
\BOOKMARK [3][-]{subsubsection.3.2.2}{Fluidic\040constraints}{subsection.3.2}% 7
\BOOKMARK [3][-]{subsubsection.3.2.3}{Droplet\040movements}{subsection.3.2}% 8
\BOOKMARK [3][-]{subsubsection.3.2.4}{Optimize\040to\040get\040the\040best\040result}{subsection.3.2}% 9
\BOOKMARK [3][-]{subsubsection.3.2.5}{Algorithm\0401}{subsection.3.2}% 10
\BOOKMARK [3][-]{subsubsection.3.2.6}{Algorithm\0402}{subsection.3.2}% 11
\BOOKMARK [3][-]{subsubsection.3.2.7}{Algorithm\0403}{subsection.3.2}% 12
\BOOKMARK [1][-]{section.4}{Design\040Pattern}{}% 13
\BOOKMARK [1][-]{section.5}{Tests\040:\040Algorithm\0401}{}% 14
\BOOKMARK [2][-]{subsection.5.1}{Average\040time}{section.5}% 15
\BOOKMARK [3][-]{subsubsection.5.1.1}{8*8\040tests}{subsection.5.1}% 16
\BOOKMARK [3][-]{subsubsection.5.1.2}{9*9\040tests}{subsection.5.1}% 17
\BOOKMARK [3][-]{subsubsection.5.1.3}{10*10\040tests}{subsection.5.1}% 18
\BOOKMARK [2][-]{subsection.5.2}{Max\040time}{section.5}% 19
\BOOKMARK [3][-]{subsubsection.5.2.1}{8*8\040tests}{subsection.5.2}% 20
\BOOKMARK [3][-]{subsubsection.5.2.2}{9*9\040tests}{subsection.5.2}% 21
\BOOKMARK [3][-]{subsubsection.5.2.3}{10*10\040tests}{subsection.5.2}% 22
\BOOKMARK [2][-]{subsection.5.3}{Min\040time}{section.5}% 23
\BOOKMARK [3][-]{subsubsection.5.3.1}{8*8\040tests}{subsection.5.3}% 24
\BOOKMARK [3][-]{subsubsection.5.3.2}{9*9\040tests}{subsection.5.3}% 25
\BOOKMARK [3][-]{subsubsection.5.3.3}{10*10\040tests}{subsection.5.3}% 26
\BOOKMARK [1][-]{section.6}{Tests\040:\040Algorithm\0402}{}% 27
\BOOKMARK [2][-]{subsection.6.1}{Average\040time}{section.6}% 28
\BOOKMARK [3][-]{subsubsection.6.1.1}{8*8\040tests}{subsection.6.1}% 29
\BOOKMARK [3][-]{subsubsection.6.1.2}{9*9\040tests}{subsection.6.1}% 30
\BOOKMARK [3][-]{subsubsection.6.1.3}{10*10\040tests}{subsection.6.1}% 31
\BOOKMARK [2][-]{subsection.6.2}{Max\040time}{section.6}% 32
\BOOKMARK [3][-]{subsubsection.6.2.1}{8*8\040tests}{subsection.6.2}% 33
\BOOKMARK [3][-]{subsubsection.6.2.2}{9*9\040tests}{subsection.6.2}% 34
\BOOKMARK [3][-]{subsubsection.6.2.3}{10*10\040tests}{subsection.6.2}% 35
\BOOKMARK [2][-]{subsection.6.3}{Min\040time}{section.6}% 36
\BOOKMARK [3][-]{subsubsection.6.3.1}{8*8\040tests}{subsection.6.3}% 37
\BOOKMARK [3][-]{subsubsection.6.3.2}{9*9\040tests}{subsection.6.3}% 38
\BOOKMARK [3][-]{subsubsection.6.3.3}{10*10\040tests}{subsection.6.3}% 39
\BOOKMARK [1][-]{section.7}{Tests\040:\040Algorithm\0403}{}% 40
\BOOKMARK [2][-]{subsection.7.1}{Average\040time}{section.7}% 41
\BOOKMARK [3][-]{subsubsection.7.1.1}{8*8\040tests}{subsection.7.1}% 42
\BOOKMARK [3][-]{subsubsection.7.1.2}{9*9\040tests}{subsection.7.1}% 43
\BOOKMARK [3][-]{subsubsection.7.1.3}{10*10\040tests}{subsection.7.1}% 44
\BOOKMARK [2][-]{subsection.7.2}{Max\040time}{section.7}% 45
\BOOKMARK [3][-]{subsubsection.7.2.1}{8*8\040tests}{subsection.7.2}% 46
\BOOKMARK [3][-]{subsubsection.7.2.2}{9*9\040tests}{subsection.7.2}% 47
\BOOKMARK [3][-]{subsubsection.7.2.3}{10*10\040tests}{subsection.7.2}% 48
\BOOKMARK [2][-]{subsection.7.3}{Min\040time}{section.7}% 49
\BOOKMARK [3][-]{subsubsection.7.3.1}{8*8\040tests}{subsection.7.3}% 50
\BOOKMARK [3][-]{subsubsection.7.3.2}{9*9\040tests}{subsection.7.3}% 51
\BOOKMARK [3][-]{subsubsection.7.3.3}{10*10\040tests}{subsection.7.3}% 52
